Setting s = 200 and n = 100
Start time : 16:04:53
2
┌ Warning: Assignment to `x_save` in soft scope is ambiguous because a global variable by the same name exists: `x_save` will be treated as a new local. Disambiguate by using `local x_save` to suppress this warning or `global x_save` to assign to the existing global variable.
└ @ ~/GCresearch/rocketemissions/plumeSSME.jl:101
┌ Warning: Assignment to `y_save` in soft scope is ambiguous because a global variable by the same name exists: `y_save` will be treated as a new local. Disambiguate by using `local y_save` to suppress this warning or `global y_save` to assign to the existing global variable.
└ @ ~/GCresearch/rocketemissions/plumeSSME.jl:102
started
Reading arguments from Julia: s = 200 n = 100
started populating phi and psi
started altitude for loop
at radius allocation
starting splitting
1 of 1 altitudes done!

done computing! 💕
Δ mdot Ar total is -155.3892108860894
Δ mdot Ar/Δ mdot total is -0.2179554734005414
-0.034697387309735414868.294677201516
plotted 1 altitude!

done plotting!
End time : 16:05:58
